c:\2.책 집필\3.IaaC(Infrastructure as a Container)\git_book\2. 랩을 자동으로 구성하는 도구들\2.2.1. 가상 머신에 필요한 설정 자동으로 구성하기>vagrant up
Bringing machine 'm-k8s' up with 'virtualbox' provider...
==> m-k8s: Importing base box 'sysnet4admin/CentOS-k8s'...
==> m-k8s: Matching MAC address for NAT networking...
==> m-k8s: Checking if box 'sysnet4admin/CentOS-k8s' version '0.6.4' is up to date...
==> m-k8s: Setting the name of the VM: m-k8s(github_SysNet4Admin)
==> m-k8s: Clearing any previously set network interfaces...
==> m-k8s: Preparing network interfaces based on configuration...
    m-k8s: Adapter 1: nat
    m-k8s: Adapter 2: hostonly
==> m-k8s: Forwarding ports...
    m-k8s: 22 (guest) => 60010 (host) (adapter 1)
==> m-k8s: Running 'pre-boot' VM customizations...
==> m-k8s: Booting VM...
==> m-k8s: Waiting for machine to boot. This may take a few minutes...
    m-k8s: SSH address: 127.0.0.1:60010
    m-k8s: SSH username: vagrant
    m-k8s: SSH auth method: private key
    m-k8s: Warning: Connection aborted. Retrying...
    m-k8s: Warning: Remote connection disconnect. Retrying...
    m-k8s: Warning: Connection reset. Retrying...
    m-k8s: Warning: Connection aborted. Retrying...
    m-k8s: Warning: Remote connection disconnect. Retrying...
    m-k8s: Warning: Connection reset. Retrying...
    m-k8s: Warning: Connection aborted. Retrying...
    m-k8s: Warning: Remote connection disconnect. Retrying...
    m-k8s:
    m-k8s: Vagrant insecure key detected. Vagrant will automatically replace
    m-k8s: this with a newly generated keypair for better security.
    m-k8s:
    m-k8s: Inserting generated public key within guest...
==> m-k8s: Machine booted and ready!
==> m-k8s: Checking for guest additions in VM...
    m-k8s: The guest additions on this VM do not match the installed version of
    m-k8s: VirtualBox! In most cases this is fine, but in rare cases it can
    m-k8s: prevent things such as shared folders from working properly. If you see
    m-k8s: shared folder errors, please make sure the guest additions within the
    m-k8s: virtual machine match the version of VirtualBox you have installed on
    m-k8s: your host and reload your VM.
    m-k8s:
    m-k8s: Guest Additions Version: 5.2.12
    m-k8s: VirtualBox Version: 6.0
==> m-k8s: Setting hostname...
==> m-k8s: Configuring and enabling network interfaces...